[147 events for 'renderer.js']
  2026-03-29T05:12:47.483Z [write       ] 153fc6c3-d1db-49bd-b550-66180294fa6f.jsonl:76 (13159 chars)
  2026-04-09T03:51:17.349Z [edit        ] 153fc6c3-d1db-49bd-b550-66180294fa6f.jsonl:137 old=55ch new=50ch
  2026-04-09T04:00:08.268Z [read_call   ] 153fc6c3-d1db-49bd-b550-66180294fa6f.jsonl:158 off=139 lim=30
  2026-04-09T04:00:08.344Z [read_result ] 153fc6c3-d1db-49bd-b550-66180294fa6f.jsonl:159 (1746 chars)
  2026-04-09T04:00:14.448Z [read_call   ] 153fc6c3-d1db-49bd-b550-66180294fa6f.jsonl:160 off=75 lim=15
  2026-04-09T04:00:14.457Z [read_result ] 153fc6c3-d1db-49bd-b550-66180294fa6f.jsonl:161 (665 chars)
  2026-04-09T04:00:20.908Z [edit        ] 153fc6c3-d1db-49bd-b550-66180294fa6f.jsonl:163 old=144ch new=145ch
  2026-04-09T04:00:30.134Z [edit        ] 153fc6c3-d1db-49bd-b550-66180294fa6f.jsonl:165 old=191ch new=190ch
  2026-04-09T04:54:34.743Z [edit        ] 153fc6c3-d1db-49bd-b550-66180294fa6f.jsonl:286 old=233ch new=636ch
  2026-04-09T04:54:43.003Z [edit        ] 153fc6c3-d1db-49bd-b550-66180294fa6f.jsonl:289 old=154ch new=156ch
  2026-04-09T06:04:01.872Z [edit        ] 153fc6c3-d1db-49bd-b550-66180294fa6f.jsonl:484 old=806ch new=2155ch
  2026-04-09T06:04:53.693Z [edit        ] 153fc6c3-d1db-49bd-b550-66180294fa6f.jsonl:487 old=140ch new=2059ch
  2026-04-09T06:05:01.718Z [read_call   ] 153fc6c3-d1db-49bd-b550-66180294fa6f.jsonl:491 off=48 lim=5
  2026-04-09T06:05:01.732Z [read_result ] 153fc6c3-d1db-49bd-b550-66180294fa6f.jsonl:492 (162 chars)
  2026-04-09T06:05:10.772Z [edit        ] 153fc6c3-d1db-49bd-b550-66180294fa6f.jsonl:493 old=144ch new=1901ch
  2026-04-09T06:05:34.624Z [read_call   ] 153fc6c3-d1db-49bd-b550-66180294fa6f.jsonl:496 off=230 lim=50
  2026-04-09T06:05:34.642Z [read_result ] 153fc6c3-d1db-49bd-b550-66180294fa6f.jsonl:497 (2820 chars)
  2026-04-09T06:05:48.597Z [edit        ] 153fc6c3-d1db-49bd-b550-66180294fa6f.jsonl:498 old=529ch new=2323ch
  2026-04-09T06:06:09.577Z [read_call   ] 153fc6c3-d1db-49bd-b550-66180294fa6f.jsonl:501 off=95 lim=5
  2026-04-09T06:06:09.582Z [read_result ] 153fc6c3-d1db-49bd-b550-66180294fa6f.jsonl:502 (280 chars)
  2026-04-09T06:06:13.695Z [edit        ] 153fc6c3-d1db-49bd-b550-66180294fa6f.jsonl:503 old=77ch new=98ch
  2026-04-09T06:06:42.419Z [read_call   ] 153fc6c3-d1db-49bd-b550-66180294fa6f.jsonl:506 off=370 lim=30
  2026-04-09T06:06:42.454Z [read_result ] 153fc6c3-d1db-49bd-b550-66180294fa6f.jsonl:507 (1423 chars)
  2026-04-09T06:06:45.891Z [read_call   ] 153fc6c3-d1db-49bd-b550-66180294fa6f.jsonl:508 off=400 lim=50
  2026-04-09T06:06:45.900Z [read_result ] 153fc6c3-d1db-49bd-b550-66180294fa6f.jsonl:509 (1575 chars)
  2026-04-09T06:06:51.269Z [edit        ] 153fc6c3-d1db-49bd-b550-66180294fa6f.jsonl:510 old=100ch new=459ch
  2026-04-09T06:09:46.376Z [read_call   ] 153fc6c3-d1db-49bd-b550-66180294fa6f.jsonl:553 off=95 lim=10
  2026-04-09T06:09:46.401Z [read_result ] 153fc6c3-d1db-49bd-b550-66180294fa6f.jsonl:554 (452 chars)
  2026-04-09T06:09:55.140Z [edit        ] 153fc6c3-d1db-49bd-b550-66180294fa6f.jsonl:559 old=66ch new=56ch
  2026-04-09T06:10:15.060Z [read_call   ] 153fc6c3-d1db-49bd-b550-66180294fa6f.jsonl:562 off=380 lim=10
  2026-04-09T06:10:15.067Z [read_result ] 153fc6c3-d1db-49bd-b550-66180294fa6f.jsonl:563 (480 chars)
  2026-04-09T06:10:19.320Z [edit        ] 153fc6c3-d1db-49bd-b550-66180294fa6f.jsonl:564 old=73ch new=43ch
  2026-04-09T06:26:14.131Z [read_call   ] 153fc6c3-d1db-49bd-b550-66180294fa6f.jsonl:623 off=50 lim=50
  2026-04-09T06:26:14.164Z [read_result ] 153fc6c3-d1db-49bd-b550-66180294fa6f.jsonl:624 (2275 chars)
  2026-04-09T06:26:22.342Z [read_call   ] 153fc6c3-d1db-49bd-b550-66180294fa6f.jsonl:628 off=148 lim=65
  2026-04-09T06:26:22.359Z [read_result ] 153fc6c3-d1db-49bd-b550-66180294fa6f.jsonl:629 (3022 chars)
  2026-04-09T06:26:42.116Z [edit        ] 153fc6c3-d1db-49bd-b550-66180294fa6f.jsonl:631 old=1755ch new=1158ch
  2026-04-09T06:27:51.693Z [edit        ] 153fc6c3-d1db-49bd-b550-66180294fa6f.jsonl:634 old=2155ch new=3002ch
  2026-04-09T06:31:15.124Z [read_call   ] 153fc6c3-d1db-49bd-b550-66180294fa6f.jsonl:641 off=65 lim=20
  2026-04-09T06:31:15.133Z [read_result ] 153fc6c3-d1db-49bd-b550-66180294fa6f.jsonl:642 (784 chars)
  2026-04-09T06:31:20.298Z [edit        ] 153fc6c3-d1db-49bd-b550-66180294fa6f.jsonl:644 old=45ch new=32ch
  2026-04-09T06:31:52.578Z [edit        ] 153fc6c3-d1db-49bd-b550-66180294fa6f.jsonl:647 old=41ch new=28ch
  2026-04-09T06:36:28.281Z [read_call   ] 153fc6c3-d1db-49bd-b550-66180294fa6f.jsonl:664 off=262 lim=35
  2026-04-09T06:36:28.287Z [read_result ] 153fc6c3-d1db-49bd-b550-66180294fa6f.jsonl:665 (1653 chars)
  2026-04-09T06:36:31.546Z [read_call   ] 153fc6c3-d1db-49bd-b550-66180294fa6f.jsonl:666 off=296 lim=20
  2026-04-09T06:36:31.553Z [read_result ] 153fc6c3-d1db-49bd-b550-66180294fa6f.jsonl:667 (1176 chars)
  2026-04-09T06:36:44.092Z [edit        ] 153fc6c3-d1db-49bd-b550-66180294fa6f.jsonl:668 old=1626ch new=1581ch
  2026-04-09T06:37:34.908Z [edit        ] 153fc6c3-d1db-49bd-b550-66180294fa6f.jsonl:671 old=46ch new=83ch
  2026-04-09T06:44:50.010Z [read_call   ] 153fc6c3-d1db-49bd-b550-66180294fa6f.jsonl:688 off=312 lim=45
  2026-04-09T06:44:50.026Z [read_result ] 153fc6c3-d1db-49bd-b550-66180294fa6f.jsonl:689 (2299 chars)
  2026-04-09T06:44:56.897Z [read_call   ] 153fc6c3-d1db-49bd-b550-66180294fa6f.jsonl:691 off=148 lim=20
  2026-04-09T06:44:56.907Z [read_result ] 153fc6c3-d1db-49bd-b550-66180294fa6f.jsonl:692 (851 chars)
  2026-04-09T06:45:00.409Z [read_call   ] 153fc6c3-d1db-49bd-b550-66180294fa6f.jsonl:694 off=280 lim=35
  2026-04-09T06:45:00.420Z [read_result ] 153fc6c3-d1db-49bd-b550-66180294fa6f.jsonl:695 (1804 chars)
  2026-04-09T06:48:07.848Z [edit        ] 153fc6c3-d1db-49bd-b550-66180294fa6f.jsonl:718 old=2112ch new=2197ch
  2026-04-09T06:48:24.675Z [edit        ] 153fc6c3-d1db-49bd-b550-66180294fa6f.jsonl:721 old=376ch new=566ch
  2026-04-09T06:48:47.803Z [edit        ] 153fc6c3-d1db-49bd-b550-66180294fa6f.jsonl:724 old=1581ch new=1556ch
  2026-04-09T06:51:39.511Z [read_call   ] 153fc6c3-d1db-49bd-b550-66180294fa6f.jsonl:734 off=314 lim=45
  2026-04-09T06:51:39.526Z [read_result ] 153fc6c3-d1db-49bd-b550-66180294fa6f.jsonl:735 (2368 chars)
  2026-04-09T06:51:45.796Z [edit        ] 153fc6c3-d1db-49bd-b550-66180294fa6f.jsonl:736 old=602ch new=602ch
  2026-04-09T06:54:22.838Z [edit        ] 153fc6c3-d1db-49bd-b550-66180294fa6f.jsonl:739 old=527ch new=574ch
  2026-04-09T07:00:39.746Z [read_call   ] 153fc6c3-d1db-49bd-b550-66180294fa6f.jsonl:760 off=375 lim=35
  2026-04-09T07:00:39.752Z [read_result ] 153fc6c3-d1db-49bd-b550-66180294fa6f.jsonl:761 (1713 chars)
  2026-04-09T07:00:45.046Z [read_call   ] 153fc6c3-d1db-49bd-b550-66180294fa6f.jsonl:762 off=408 lim=30
  2026-04-09T07:00:45.055Z [read_result ] 153fc6c3-d1db-49bd-b550-66180294fa6f.jsonl:763 (1280 chars)
  2026-04-09T07:02:46.039Z [edit        ] 153fc6c3-d1db-49bd-b550-66180294fa6f.jsonl:774 old=1303ch new=1099ch
  2026-04-09T07:27:05.511Z [read_call   ] 153fc6c3-d1db-49bd-b550-66180294fa6f.jsonl:888 off=148 lim=18
  2026-04-09T07:27:05.517Z [read_result ] 153fc6c3-d1db-49bd-b550-66180294fa6f.jsonl:889 (774 chars)
  2026-04-09T07:27:12.281Z [edit        ] 153fc6c3-d1db-49bd-b550-66180294fa6f.jsonl:890 old=482ch new=486ch
  2026-04-09T23:54:17.259Z [read_call   ] 46132d41-0a5d-4f48-b3cd-d4f03309a9c3.jsonl:243 off=None lim=None
  2026-04-09T23:54:17.666Z [read_result ] 46132d41-0a5d-4f48-b3cd-d4f03309a9c3.jsonl:244 (20893 chars)
  2026-04-09T23:58:41.348Z [edit        ] 46132d41-0a5d-4f48-b3cd-d4f03309a9c3.jsonl:266 old=159ch new=116ch
  2026-04-09T23:58:59.656Z [edit        ] 46132d41-0a5d-4f48-b3cd-d4f03309a9c3.jsonl:270 old=897ch new=1767ch
  2026-04-10T00:06:35.060Z [read_call   ] 46132d41-0a5d-4f48-b3cd-d4f03309a9c3.jsonl:320 off=433 lim=55
  2026-04-10T00:06:35.067Z [read_result ] 46132d41-0a5d-4f48-b3cd-d4f03309a9c3.jsonl:321 (2277 chars)
  2026-04-10T00:07:01.373Z [edit        ] 46132d41-0a5d-4f48-b3cd-d4f03309a9c3.jsonl:329 old=165ch new=572ch
  2026-04-10T00:17:07.417Z [read_call   ] 46132d41-0a5d-4f48-b3cd-d4f03309a9c3.jsonl:348 off=433 lim=60
  2026-04-10T00:17:07.422Z [read_result ] 46132d41-0a5d-4f48-b3cd-d4f03309a9c3.jsonl:349 (2495 chars)
  2026-04-10T00:58:45.470Z [read_call   ] 46132d41-0a5d-4f48-b3cd-d4f03309a9c3.jsonl:424 off=132 lim=15
  2026-04-10T00:58:45.490Z [read_result ] 46132d41-0a5d-4f48-b3cd-d4f03309a9c3.jsonl:425 (675 chars)
  2026-04-10T00:58:58.176Z [edit        ] 46132d41-0a5d-4f48-b3cd-d4f03309a9c3.jsonl:426 old=455ch new=1351ch
  2026-04-10T00:59:08.077Z [read_call   ] 46132d41-0a5d-4f48-b3cd-d4f03309a9c3.jsonl:429 off=497 lim=20
  2026-04-10T00:59:08.091Z [read_result ] 46132d41-0a5d-4f48-b3cd-d4f03309a9c3.jsonl:430 (834 chars)
  2026-04-10T00:59:11.831Z [read_call   ] 46132d41-0a5d-4f48-b3cd-d4f03309a9c3.jsonl:431 off=519 lim=15
  2026-04-10T00:59:11.851Z [read_result ] 46132d41-0a5d-4f48-b3cd-d4f03309a9c3.jsonl:432 (320 chars)
  2026-04-10T00:59:19.949Z [edit        ] 46132d41-0a5d-4f48-b3cd-d4f03309a9c3.jsonl:434 old=49ch new=72ch
  2026-04-10T00:59:36.593Z [edit        ] 46132d41-0a5d-4f48-b3cd-d4f03309a9c3.jsonl:437 old=85ch new=980ch
  2026-04-10T01:00:10.891Z [edit        ] 46132d41-0a5d-4f48-b3cd-d4f03309a9c3.jsonl:445 old=600ch new=970ch
  2026-04-10T01:00:44.700Z [read_call   ] 46132d41-0a5d-4f48-b3cd-d4f03309a9c3.jsonl:451 off=132 lim=30
  2026-04-10T01:00:44.717Z [read_result ] 46132d41-0a5d-4f48-b3cd-d4f03309a9c3.jsonl:452 (1185 chars)
  2026-04-10T06:44:29.201Z [read_call   ] b874df8a-55ec-477f-b918-821276b859bf.jsonl:75 off=425 lim=90
  2026-04-10T06:44:29.211Z [read_result ] b874df8a-55ec-477f-b918-821276b859bf.jsonl:76 (4361 chars)
  2026-04-10T06:44:38.163Z [edit        ] b874df8a-55ec-477f-b918-821276b859bf.jsonl:79 old=116ch new=121ch
  2026-04-10T07:01:36.369Z [read_call   ] b874df8a-55ec-477f-b918-821276b859bf.jsonl:117 off=None lim=None
  2026-04-10T07:01:36.700Z [read_result ] b874df8a-55ec-477f-b918-821276b859bf.jsonl:118 (27898 chars)
  2026-04-10T07:19:22.294Z [edit        ] b874df8a-55ec-477f-b918-821276b859bf.jsonl:209 old=1101ch new=4861ch
  2026-04-10T07:22:15.428Z [read_call   ] b874df8a-55ec-477f-b918-821276b859bf.jsonl:220 off=600 lim=200
  2026-04-10T07:22:15.434Z [read_result ] b874df8a-55ec-477f-b918-821276b859bf.jsonl:221 (4876 chars)
  2026-04-10T07:22:25.381Z [edit        ] b874df8a-55ec-477f-b918-821276b859bf.jsonl:226 old=146ch new=157ch
  2026-04-10T07:22:43.358Z [edit        ] b874df8a-55ec-477f-b918-821276b859bf.jsonl:229 old=275ch new=2054ch
  2026-04-10T07:23:55.455Z [read_call   ] b874df8a-55ec-477f-b918-821276b859bf.jsonl:245 off=505 lim=110
  2026-04-10T07:23:55.460Z [read_result ] b874df8a-55ec-477f-b918-821276b859bf.jsonl:246 (5102 chars)
  2026-04-10T07:24:22.861Z [edit        ] b874df8a-55ec-477f-b918-821276b859bf.jsonl:256 old=752ch new=1507ch
  2026-04-11T06:29:23.980Z [read_call   ] 962615d8-da57-46e5-a5c2-3d056697cb10.jsonl:33 off=None lim=None
  2026-04-11T06:29:24.525Z [read_result ] 962615d8-da57-46e5-a5c2-3d056697cb10.jsonl:34 (204 chars)
  2026-04-11T06:29:31.919Z [read_call   ] 962615d8-da57-46e5-a5c2-3d056697cb10.jsonl:37 off=555 lim=75
  2026-04-11T06:29:31.924Z [read_result ] 962615d8-da57-46e5-a5c2-3d056697cb10.jsonl:38 (3405 chars)
  2026-04-11T06:29:48.304Z [read_call   ] 962615d8-da57-46e5-a5c2-3d056697cb10.jsonl:45 off=680 lim=90
  2026-04-11T06:29:48.310Z [read_result ] 962615d8-da57-46e5-a5c2-3d056697cb10.jsonl:46 (4027 chars)
  2026-04-11T06:34:04.800Z [read_call   ] 962615d8-da57-46e5-a5c2-3d056697cb10.jsonl:64 off=505 lim=60
  2026-04-11T06:34:04.808Z [read_result ] 962615d8-da57-46e5-a5c2-3d056697cb10.jsonl:65 (2674 chars)
  2026-04-11T06:34:13.274Z [edit        ] 962615d8-da57-46e5-a5c2-3d056697cb10.jsonl:66 old=278ch new=382ch
  2026-04-11T06:34:54.960Z [edit        ] 962615d8-da57-46e5-a5c2-3d056697cb10.jsonl:70 old=881ch new=1940ch
  2026-04-11T06:35:42.827Z [edit        ] 962615d8-da57-46e5-a5c2-3d056697cb10.jsonl:73 old=105ch new=462ch
  2026-04-11T06:51:13.922Z [read_call   ] 962615d8-da57-46e5-a5c2-3d056697cb10.jsonl:117 off=1 lim=520
  2026-04-11T06:51:14.507Z [read_result ] 962615d8-da57-46e5-a5c2-3d056697cb10.jsonl:118 (23530 chars)
  2026-04-11T06:51:20.635Z [read_call   ] 962615d8-da57-46e5-a5c2-3d056697cb10.jsonl:119 off=520 lim=300
  2026-04-11T06:51:20.915Z [read_result ] 962615d8-da57-46e5-a5c2-3d056697cb10.jsonl:120 (12965 chars)
  2026-04-11T07:11:16.749Z [read_call   ] 962615d8-da57-46e5-a5c2-3d056697cb10.jsonl:232 off=None lim=None
  2026-04-11T07:11:17.074Z [read_result ] 962615d8-da57-46e5-a5c2-3d056697cb10.jsonl:233 (204 chars)
  2026-04-11T07:11:21.768Z [read_call   ] 962615d8-da57-46e5-a5c2-3d056697cb10.jsonl:234 off=1 lim=300
  2026-04-11T07:11:22.222Z [read_result ] 962615d8-da57-46e5-a5c2-3d056697cb10.jsonl:235 (12524 chars)
  2026-04-11T07:11:27.141Z [read_call   ] 962615d8-da57-46e5-a5c2-3d056697cb10.jsonl:236 off=300 lim=500
  2026-04-11T07:11:27.503Z [read_result ] 962615d8-da57-46e5-a5c2-3d056697cb10.jsonl:237 (23943 chars)
  2026-04-11T07:24:01.631Z [edit        ] 962615d8-da57-46e5-a5c2-3d056697cb10.jsonl:287 old=301ch new=583ch
  2026-04-11T07:24:36.354Z [edit        ] 962615d8-da57-46e5-a5c2-3d056697cb10.jsonl:289 old=232ch new=471ch
  2026-04-11T07:25:02.276Z [edit        ] 962615d8-da57-46e5-a5c2-3d056697cb10.jsonl:292 old=476ch new=465ch
  2026-04-11T07:25:25.004Z [edit        ] 962615d8-da57-46e5-a5c2-3d056697cb10.jsonl:294 old=775ch new=1418ch
  2026-04-11T07:26:04.718Z [edit        ] 962615d8-da57-46e5-a5c2-3d056697cb10.jsonl:297 old=586ch new=1397ch
  2026-04-11T07:28:14.804Z [read_call   ] 962615d8-da57-46e5-a5c2-3d056697cb10.jsonl:311 off=1 lim=100
  2026-04-11T07:28:14.837Z [read_result ] 962615d8-da57-46e5-a5c2-3d056697cb10.jsonl:312 (4174 chars)
  2026-04-11T07:30:00.463Z [edit        ] 962615d8-da57-46e5-a5c2-3d056697cb10.jsonl:314 old=12347ch new=13514ch
  2026-04-11T07:34:01.684Z [read_call   ] 962615d8-da57-46e5-a5c2-3d056697cb10.jsonl:338 off=780 lim=45
  2026-04-11T07:34:01.693Z [read_result ] 962615d8-da57-46e5-a5c2-3d056697cb10.jsonl:339 (1983 chars)
  2026-04-11T07:40:11.064Z [read_call   ] 962615d8-da57-46e5-a5c2-3d056697cb10.jsonl:372 off=730 lim=70
  2026-04-11T07:40:11.077Z [read_result ] 962615d8-da57-46e5-a5c2-3d056697cb10.jsonl:373 (3494 chars)
  2026-04-11T07:40:57.626Z [read_call   ] 962615d8-da57-46e5-a5c2-3d056697cb10.jsonl:377 off=560 lim=110
  2026-04-11T07:40:57.634Z [read_result ] 962615d8-da57-46e5-a5c2-3d056697cb10.jsonl:378 (5205 chars)
  2026-04-11T07:43:37.475Z [edit        ] 962615d8-da57-46e5-a5c2-3d056697cb10.jsonl:386 old=2544ch new=2548ch
  2026-04-11T08:19:45.468Z [read_call   ] 962615d8-da57-46e5-a5c2-3d056697cb10.jsonl:525 off=440 lim=60
  2026-04-11T08:19:45.499Z [read_result ] 962615d8-da57-46e5-a5c2-3d056697cb10.jsonl:526 (2977 chars)
  2026-04-11T08:20:21.231Z [edit        ] 962615d8-da57-46e5-a5c2-3d056697cb10.jsonl:529 old=602ch new=1670ch
  2026-04-11T20:26:36.013Z [read_call   ] 962615d8-da57-46e5-a5c2-3d056697cb10.jsonl:711 off=180 lim=80
  2026-04-11T20:26:36.029Z [read_result ] 962615d8-da57-46e5-a5c2-3d056697cb10.jsonl:712 (4092 chars)
  2026-04-11T20:34:27.872Z [read_call   ] 962615d8-da57-46e5-a5c2-3d056697cb10.jsonl:780 off=226 lim=35
  2026-04-11T20:34:27.879Z [read_result ] 962615d8-da57-46e5-a5c2-3d056697cb10.jsonl:781 (1793 chars)
  2026-04-11T20:34:47.847Z [edit        ] 962615d8-da57-46e5-a5c2-3d056697cb10.jsonl:782 old=673ch new=3244ch
