[83 events for 'ui.js']
  2026-03-29T05:33:00.012Z [write       ] 153fc6c3-d1db-49bd-b550-66180294fa6f.jsonl:81 (13305 chars)
  2026-04-09T03:50:16.797Z [edit        ] 153fc6c3-d1db-49bd-b550-66180294fa6f.jsonl:134 old=302ch new=276ch
  2026-04-09T04:00:36.621Z [read_call   ] 153fc6c3-d1db-49bd-b550-66180294fa6f.jsonl:168 off=1 lim=25
  2026-04-09T04:00:36.644Z [read_result ] 153fc6c3-d1db-49bd-b550-66180294fa6f.jsonl:169 (1228 chars)
  2026-04-09T04:00:41.059Z [read_call   ] 153fc6c3-d1db-49bd-b550-66180294fa6f.jsonl:170 off=33 lim=20
  2026-04-09T04:00:41.067Z [read_result ] 153fc6c3-d1db-49bd-b550-66180294fa6f.jsonl:171 (644 chars)
  2026-04-09T04:00:47.546Z [edit        ] 153fc6c3-d1db-49bd-b550-66180294fa6f.jsonl:172 old=323ch new=582ch
  2026-04-09T04:03:11.929Z [read_call   ] 153fc6c3-d1db-49bd-b550-66180294fa6f.jsonl:175 off=72 lim=15
  2026-04-09T04:03:11.934Z [read_result ] 153fc6c3-d1db-49bd-b550-66180294fa6f.jsonl:176 (382 chars)
  2026-04-09T04:03:16.535Z [edit        ] 153fc6c3-d1db-49bd-b550-66180294fa6f.jsonl:177 old=85ch new=102ch
  2026-04-09T04:27:52.277Z [read_call   ] 153fc6c3-d1db-49bd-b550-66180294fa6f.jsonl:249 off=49 lim=20
  2026-04-09T04:27:52.299Z [read_result ] 153fc6c3-d1db-49bd-b550-66180294fa6f.jsonl:250 (722 chars)
  2026-04-09T04:28:01.647Z [edit        ] 153fc6c3-d1db-49bd-b550-66180294fa6f.jsonl:251 old=422ch new=972ch
  2026-04-09T04:33:32.441Z [edit        ] 153fc6c3-d1db-49bd-b550-66180294fa6f.jsonl:260 old=685ch new=685ch
  2026-04-09T06:07:00.021Z [read_call   ] 153fc6c3-d1db-49bd-b550-66180294fa6f.jsonl:513 off=34 lim=20
  2026-04-09T06:07:00.060Z [read_result ] 153fc6c3-d1db-49bd-b550-66180294fa6f.jsonl:514 (694 chars)
  2026-04-09T06:07:04.873Z [edit        ] 153fc6c3-d1db-49bd-b550-66180294fa6f.jsonl:515 old=45ch new=118ch
  2026-04-09T06:07:14.998Z [edit        ] 153fc6c3-d1db-49bd-b550-66180294fa6f.jsonl:518 old=144ch new=166ch
  2026-04-09T06:07:22.261Z [read_call   ] 153fc6c3-d1db-49bd-b550-66180294fa6f.jsonl:521 off=253 lim=20
  2026-04-09T06:07:22.270Z [read_result ] 153fc6c3-d1db-49bd-b550-66180294fa6f.jsonl:522 (739 chars)
  2026-04-09T06:07:30.155Z [edit        ] 153fc6c3-d1db-49bd-b550-66180294fa6f.jsonl:523 old=654ch new=949ch
  2026-04-09T06:07:37.319Z [read_call   ] 153fc6c3-d1db-49bd-b550-66180294fa6f.jsonl:526 off=273 lim=20
  2026-04-09T06:07:37.331Z [read_result ] 153fc6c3-d1db-49bd-b550-66180294fa6f.jsonl:527 (985 chars)
  2026-04-09T06:07:42.724Z [edit        ] 153fc6c3-d1db-49bd-b550-66180294fa6f.jsonl:528 old=108ch new=249ch
  2026-04-09T06:07:52.541Z [read_call   ] 153fc6c3-d1db-49bd-b550-66180294fa6f.jsonl:531 off=180 lim=35
  2026-04-09T06:07:52.546Z [read_result ] 153fc6c3-d1db-49bd-b550-66180294fa6f.jsonl:532 (2089 chars)
  2026-04-09T06:08:04.203Z [edit        ] 153fc6c3-d1db-49bd-b550-66180294fa6f.jsonl:533 old=292ch new=815ch
  2026-04-09T06:08:31.253Z [read_call   ] 153fc6c3-d1db-49bd-b550-66180294fa6f.jsonl:536 off=155 lim=20
  2026-04-09T06:08:31.266Z [read_result ] 153fc6c3-d1db-49bd-b550-66180294fa6f.jsonl:537 (723 chars)
  2026-04-09T06:08:37.727Z [edit        ] 153fc6c3-d1db-49bd-b550-66180294fa6f.jsonl:538 old=248ch new=931ch
  2026-04-09T23:54:29.988Z [read_call   ] 46132d41-0a5d-4f48-b3cd-d4f03309a9c3.jsonl:248 off=259 lim=75
  2026-04-09T23:54:30.023Z [read_result ] 46132d41-0a5d-4f48-b3cd-d4f03309a9c3.jsonl:249 (3375 chars)
  2026-04-09T23:59:21.690Z [edit        ] 46132d41-0a5d-4f48-b3cd-d4f03309a9c3.jsonl:273 old=959ch new=2104ch
  2026-04-09T23:59:30.198Z [read_call   ] 46132d41-0a5d-4f48-b3cd-d4f03309a9c3.jsonl:277 off=1 lim=30
  2026-04-09T23:59:30.211Z [read_result ] 46132d41-0a5d-4f48-b3cd-d4f03309a9c3.jsonl:278 (1541 chars)
  2026-04-09T23:59:37.785Z [read_call   ] 46132d41-0a5d-4f48-b3cd-d4f03309a9c3.jsonl:281 off=35 lim=15
  2026-04-09T23:59:37.811Z [read_result ] 46132d41-0a5d-4f48-b3cd-d4f03309a9c3.jsonl:282 (552 chars)
  2026-04-09T23:59:43.292Z [edit        ] 46132d41-0a5d-4f48-b3cd-d4f03309a9c3.jsonl:284 old=118ch new=240ch
  2026-04-09T23:59:56.374Z [edit        ] 46132d41-0a5d-4f48-b3cd-d4f03309a9c3.jsonl:287 old=222ch new=337ch
  2026-04-10T00:00:03.670Z [edit        ] 46132d41-0a5d-4f48-b3cd-d4f03309a9c3.jsonl:290 old=101ch new=119ch
  2026-04-10T00:00:16.151Z [read_call   ] 46132d41-0a5d-4f48-b3cd-d4f03309a9c3.jsonl:295 off=85 lim=25
  2026-04-10T00:00:16.157Z [read_result ] 46132d41-0a5d-4f48-b3cd-d4f03309a9c3.jsonl:296 (899 chars)
  2026-04-10T00:00:22.435Z [edit        ] 46132d41-0a5d-4f48-b3cd-d4f03309a9c3.jsonl:298 old=298ch new=545ch
  2026-04-10T00:06:27.715Z [read_call   ] 46132d41-0a5d-4f48-b3cd-d4f03309a9c3.jsonl:317 off=311 lim=50
  2026-04-10T00:06:27.818Z [read_result ] 46132d41-0a5d-4f48-b3cd-d4f03309a9c3.jsonl:318 (2573 chars)
  2026-04-10T00:06:41.734Z [read_call   ] 46132d41-0a5d-4f48-b3cd-d4f03309a9c3.jsonl:323 off=87 lim=15
  2026-04-10T00:06:41.751Z [read_result ] 46132d41-0a5d-4f48-b3cd-d4f03309a9c3.jsonl:324 (625 chars)
  2026-04-10T00:06:47.200Z [read_call   ] 46132d41-0a5d-4f48-b3cd-d4f03309a9c3.jsonl:326 off=268 lim=20
  2026-04-10T00:06:47.214Z [read_result ] 46132d41-0a5d-4f48-b3cd-d4f03309a9c3.jsonl:327 (974 chars)
  2026-04-10T00:11:40.922Z [read_call   ] 46132d41-0a5d-4f48-b3cd-d4f03309a9c3.jsonl:332 off=103 lim=20
  2026-04-10T00:11:40.945Z [read_result ] 46132d41-0a5d-4f48-b3cd-d4f03309a9c3.jsonl:333 (553 chars)
  2026-04-10T00:11:47.923Z [edit        ] 46132d41-0a5d-4f48-b3cd-d4f03309a9c3.jsonl:334 old=380ch new=580ch
  2026-04-10T00:12:33.920Z [edit        ] 46132d41-0a5d-4f48-b3cd-d4f03309a9c3.jsonl:337 old=295ch new=48ch
  2026-04-10T00:18:13.752Z [read_call   ] 46132d41-0a5d-4f48-b3cd-d4f03309a9c3.jsonl:359 off=320 lim=45
  2026-04-10T00:18:13.772Z [read_result ] 46132d41-0a5d-4f48-b3cd-d4f03309a9c3.jsonl:360 (2390 chars)
  2026-04-10T00:59:45.358Z [read_call   ] 46132d41-0a5d-4f48-b3cd-d4f03309a9c3.jsonl:440 off=322 lim=10
  2026-04-10T00:59:45.381Z [read_result ] 46132d41-0a5d-4f48-b3cd-d4f03309a9c3.jsonl:441 (573 chars)
  2026-04-10T00:59:51.572Z [edit        ] 46132d41-0a5d-4f48-b3cd-d4f03309a9c3.jsonl:442 old=79ch new=190ch
  2026-04-10T01:00:28.281Z [edit        ] 46132d41-0a5d-4f48-b3cd-d4f03309a9c3.jsonl:448 old=560ch new=672ch
  2026-04-10T07:01:40.036Z [read_call   ] b874df8a-55ec-477f-b918-821276b859bf.jsonl:119 off=None lim=None
  2026-04-10T07:01:40.292Z [read_result ] b874df8a-55ec-477f-b918-821276b859bf.jsonl:120 (20428 chars)
  2026-04-10T07:22:08.076Z [read_call   ] b874df8a-55ec-477f-b918-821276b859bf.jsonl:216 off=None lim=None
  2026-04-10T07:22:08.309Z [read_result ] b874df8a-55ec-477f-b918-821276b859bf.jsonl:217 (20428 chars)
  2026-04-10T07:23:10.598Z [edit        ] b874df8a-55ec-477f-b918-821276b859bf.jsonl:232 old=383ch new=2513ch
  2026-04-10T07:23:34.874Z [edit        ] b874df8a-55ec-477f-b918-821276b859bf.jsonl:240 old=285ch new=518ch
  2026-04-11T06:36:09.548Z [read_call   ] 962615d8-da57-46e5-a5c2-3d056697cb10.jsonl:79 off=375 lim=25
  2026-04-11T06:36:09.555Z [read_result ] 962615d8-da57-46e5-a5c2-3d056697cb10.jsonl:80 (1470 chars)
  2026-04-11T06:36:15.461Z [edit        ] 962615d8-da57-46e5-a5c2-3d056697cb10.jsonl:81 old=407ch new=490ch
  2026-04-11T06:51:08.001Z [read_call   ] 962615d8-da57-46e5-a5c2-3d056697cb10.jsonl:115 off=None lim=None
  2026-04-11T06:51:08.586Z [read_result ] 962615d8-da57-46e5-a5c2-3d056697cb10.jsonl:116 (23038 chars)
  2026-04-11T07:11:33.982Z [read_call   ] 962615d8-da57-46e5-a5c2-3d056697cb10.jsonl:238 off=None lim=None
  2026-04-11T07:11:34.602Z [read_result ] 962615d8-da57-46e5-a5c2-3d056697cb10.jsonl:239 (23038 chars)
  2026-04-11T07:32:36.424Z [read_call   ] 962615d8-da57-46e5-a5c2-3d056697cb10.jsonl:326 off=None lim=None
  2026-04-11T07:32:37.641Z [read_result ] 962615d8-da57-46e5-a5c2-3d056697cb10.jsonl:327 (23038 chars)
  2026-04-11T07:33:32.617Z [edit        ] 962615d8-da57-46e5-a5c2-3d056697cb10.jsonl:329 old=5462ch new=6482ch
  2026-04-11T20:01:55.923Z [read_call   ] 962615d8-da57-46e5-a5c2-3d056697cb10.jsonl:550 off=None lim=None
  2026-04-11T20:01:56.378Z [read_result ] 962615d8-da57-46e5-a5c2-3d056697cb10.jsonl:551 (24110 chars)
  2026-04-11T20:17:35.487Z [edit        ] 962615d8-da57-46e5-a5c2-3d056697cb10.jsonl:653 old=126ch new=367ch
  2026-04-11T20:18:22.246Z [edit        ] 962615d8-da57-46e5-a5c2-3d056697cb10.jsonl:657 old=1377ch new=7151ch
  2026-04-11T20:21:15.321Z [read_call   ] 962615d8-da57-46e5-a5c2-3d056697cb10.jsonl:671 off=None lim=None
  2026-04-11T20:21:15.702Z [read_result ] 962615d8-da57-46e5-a5c2-3d056697cb10.jsonl:672 (30649 chars)
  2026-04-11T20:21:25.559Z [edit        ] 962615d8-da57-46e5-a5c2-3d056697cb10.jsonl:674 old=240ch new=803ch
  2026-04-11T20:22:11.931Z [edit        ] 962615d8-da57-46e5-a5c2-3d056697cb10.jsonl:677 old=163ch new=305ch
